<?xml version="1.0" encoding="UTF-8"?>
<!-- Generated by org.testng.reporters.JUnitReportReporter -->
<testsuite hostname="DESKTOP-1HIRG0U" failures="0" tests="1" name="com.nitara.UserLogin.Login" time="2.708" errors="0" timestamp="2023-01-20T15:26:02 IST" skipped="0">
  <testcase classname="com.nitara.UserLogin.Login" name="userToken" time="2.708"/>
  <system-out/>
</testsuite> <!-- com.nitara.UserLogin.Login -->
