<?xml version="1.0" encoding="UTF-8"?>
<!-- Generated by org.testng.reporters.JUnitReportReporter -->
<testsuite hostname="DESKTOP-1HIRG0U" failures="0" tests="1" name="com.nitara.RestAssured.GetAllDiseases" time="1.783" errors="0" timestamp="2023-01-20T15:39:29 IST" skipped="0">
  <testcase classname="com.nitara.RestAssured.GetAllDiseases" name="getAllDiseases" time="1.783"/>
  <system-out/>
</testsuite> <!-- com.nitara.RestAssured.GetAllDiseases -->
